<?xml version="1.0" encoding="UTF-8"?>
<testng-results skipped="0" failed="0" ignored="0" total="1" passed="1">
  <reporter-output>
  </reporter-output>
  <suite name="Default suite" duration-ms="4723" started-at="2022-03-25T09:00:43 EDT" finished-at="2022-03-25T09:00:48 EDT">
    <groups>
      <group name="cucumber">
        <method signature="AbstractTestNGCucumberTests.runScenario(io.cucumber.testng.PickleWrapper,io.cucumber.testng.FeatureWrapper)[pri:0, instance:com.amazonRunner.AmazonLoginRunner$RunCucumberTest@78186a70]" name="runScenario" class="io.cucumber.testng.AbstractTestNGCucumberTests"/>
      </group> <!-- cucumber -->
    </groups>
    <test name="Default test" duration-ms="4723" started-at="2022-03-25T09:00:43 EDT" finished-at="2022-03-25T09:00:48 EDT">
      <class name="com.amazonRunner.AmazonLoginRunner$RunCucumberTest">
        <test-method status="PASS" signature="beforeTest()[pri:0, instance:com.amazonRunner.AmazonLoginRunner$RunCucumberTest@78186a70]" name="beforeTest" is-config="true" duration-ms="4" started-at="2022-03-25T09:00:43 EDT" finished-at="2022-03-25T09:00:43 EDT">
          <reporter-output>
          </reporter-output>
        </test-method> <!-- beforeTest -->
        <test-method status="PASS" signature="setUpClass()[pri:0, instance:com.amazonRunner.AmazonLoginRunner$RunCucumberTest@78186a70]" name="setUpClass" is-config="true" duration-ms="127" started-at="2022-03-25T09:00:43 EDT" finished-at="2022-03-25T09:00:43 EDT">
          <reporter-output>
          </reporter-output>
        </test-method> <!-- setUpClass -->
        <test-method status="PASS" signature="runScenario(io.cucumber.testng.PickleWrapper,io.cucumber.testng.FeatureWrapper)[pri:0, instance:com.amazonRunner.AmazonLoginRunner$RunCucumberTest@78186a70]" name="runScenario" duration-ms="4538" started-at="2022-03-25T09:00:43 EDT" description="Runs Cucumber Scenarios" data-provider="scenarios" finished-at="2022-03-25T09:00:48 EDT">
          <params>
            <param index="0">
              <value>
                <![CDATA["Verify customer login with wrong userid and wrong password"]]>
              </value>
            </param>
            <param index="1">
              <value>
                <![CDATA["Amazon login feature"]]>
              </value>
            </param>
          </params>
          <reporter-output>
          </reporter-output>
        </test-method> <!-- runScenario -->
        <test-method status="PASS" signature="tearDownClass()[pri:0, instance:com.amazonRunner.AmazonLoginRunner$RunCucumberTest@78186a70]" name="tearDownClass" is-config="true" duration-ms="39" started-at="2022-03-25T09:00:48 EDT" finished-at="2022-03-25T09:00:48 EDT">
          <reporter-output>
          </reporter-output>
        </test-method> <!-- tearDownClass -->
        <test-method status="PASS" signature="afterTest()[pri:0, instance:com.amazonRunner.AmazonLoginRunner$RunCucumberTest@78186a70]" name="afterTest" is-config="true" duration-ms="0" started-at="2022-03-25T09:00:48 EDT" finished-at="2022-03-25T09:00:48 EDT">
          <reporter-output>
          </reporter-output>
        </test-method> <!-- afterTest -->
      </class> <!-- com.amazonRunner.AmazonLoginRunner$RunCucumberTest -->
    </test> <!-- Default test -->
  </suite> <!-- Default suite -->
</testng-results>
